<?xml version="1.0" encoding="UTF-8"?>
<!-- Generated by org.testng.reporters.JUnitReportReporter -->
<testsuite skipped="0" hostname="SAMSISTERS" name="com.Apple.Cars.Assignment.RentalCarApiTest" tests="1" failures="0" timestamp="13 Nov 2018 00:59:08 GMT" time="2.127" errors="0">
  <testcase name="ApiCarTesting" time="2.127" classname="com.Apple.Cars.Assignment.RentalCarApiTest"/>
</testsuite> <!-- com.Apple.Cars.Assignment.RentalCarApiTest -->
